[00:00:19] [Server thread/INFO] (Minecraft) [Player557: anvilEnchantRemoveRestriction: true, [Change permanently?]]
[00:00:19] [Render thread/INFO] (Minecraft) [System] [CHAT] anvilEnchantRemoveRestriction: true, [Change permanently?]
[00:00:35] [Server thread/INFO] (Minecraft) Saving and pausing game...
[00:00:35] [Server thread/INFO] (Minecraft) Saving chunks for level 'ServerLevel[新的世界]'/minecraft:overworld
[00:00:35] [Server thread/INFO] (Minecraft) Saving chunks for level 'ServerLevel[新的世界]'/minecraft:the_end
[00:00:35] [Server thread/INFO] (Minecraft) Saving chunks for level 'ServerLevel[新的世界]'/minecraft:the_nether
[00:00:35] [Server thread/INFO] (Minecraft) Player557 lost connection: 连接中断
[00:00:35] [Server thread/INFO] (Minecraft) Player557退出了游戏
[00:00:35] [Server thread/INFO] (Minecraft) Stopping singleplayer server as player logged out
[00:00:35] [Server thread/INFO] (Minecraft) Stopping server
[00:00:35] [Server thread/INFO] (Minecraft) Saving players
[00:00:35] [Server thread/INFO] (Minecraft) Saving worlds
[00:00:36] [Server thread/INFO] (Minecraft) Saving chunks for level 'ServerLevel[新的世界]'/minecraft:overworld
[00:00:36] [Server thread/INFO] (Minecraft) Saving chunks for level 'ServerLevel[新的世界]'/minecraft:the_end
[00:00:36] [Server thread/INFO] (Minecraft) Saving chunks for level 'ServerLevel[新的世界]'/minecraft:the_nether
[00:00:36] [Server thread/INFO] (Minecraft) ThreadedAnvilChunkStorage (新的世界): All chunks are saved
[00:00:36] [Server thread/INFO] (Minecraft) ThreadedAnvilChunkStorage (DIM1): All chunks are saved
[00:00:36] [Server thread/INFO] (Minecraft) ThreadedAnvilChunkStorage (DIM-1): All chunks are saved
[00:00:36] [Server thread/INFO] (Minecraft) ThreadedAnvilChunkStorage: All dimensions are saved
[00:00:36] [Render thread/INFO] (Minecraft) Stopping!
