[12:02:45] [main/INFO] (FabricLoader/GameProvider) Loading Minecraft 1.18.2 with Fabric Loader 0.14.19
[12:02:45] [main/INFO] (FabricLoader) Loading 40 mods:
	- fabric-api 0.76.0+1.18.2
	- fabric-api-base 0.4.5+64b7c69360
	- fabric-api-lookup-api-v1 1.6.3+2373a54560
	- fabric-biome-api-v1 8.0.7+e83becad60
	- fabric-block-api-v1 1.0.0+ee3621fc60
	- fabric-command-api-v1 1.1.10+d7c144a860
	- fabric-commands-v0 0.2.9+b4f4f6cd60
	- fabric-containers-v0 0.1.24+d7c144a860
	- fabric-content-registries-v0 3.1.3+c85f2e3860
	- fabric-convention-tags-v1 1.1.0+43ce63a460
	- fabric-crash-report-info-v1 0.2.1+ee261a3e60
	- fabric-data-generation-api-v1 3.1.0+6c70b68e60
	- fabric-dimensions-v1 2.1.21+489d6f8260
	- fabric-entity-events-v1 1.4.9+d7c144a860
	- fabric-events-interaction-v0 0.4.20+d7c144a860
	- fabric-events-lifecycle-v0 0.2.22+d7c144a860
	- fabric-game-rule-api-v1 1.0.13+d7c144a860
	- fabric-gametest-api-v1 1.0.21+91b7aa6660
	- fabric-item-api-v1 1.6.2+8165403660
	- fabric-item-groups-v0 0.3.16+91896a4960
	- fabric-lifecycle-events-v1 2.1.1+cc71601c60
	- fabric-loot-api-v2 1.1.2+1997ad1260
	- fabric-loot-tables-v1 1.1.4+e747827960
	- fabric-mining-level-api-v1 2.1.6+cc71601c60
	- fabric-networking-api-v1 1.0.24+2d30af4b60
	- fabric-networking-v0 0.3.11+b4f4f6cd60
	- fabric-object-builder-api-v1 2.1.5+032c981d60
	- fabric-particles-v1 0.2.13+526dc1ac60
	- fabric-registry-sync-v0 0.9.12+bb2e047760
	- fabric-rendering-data-attachment-v1 0.3.9+ee3621fc60
	- fabric-rendering-fluids-v1 2.0.3+54e5b2ec60
	- fabric-resource-conditions-api-v1 2.0.3+91b7aa6660
	- fabric-resource-loader-v0 0.5.3+047a5ecb60
	- fabric-screen-handler-api-v1 1.2.3+1f6558e860
	- fabric-transfer-api-v1 1.6.4+f4563ac860
	- fabric-transitive-access-wideners-v1 1.1.0+e747827960
	- fabricloader 0.14.19
	- java 18
	- minecraft 1.18.2
	- remote-inventory-01 1.0
[12:02:45] [main/INFO] (FabricLoader/Mixin) SpongePowered MIXIN Subsystem Version=0.8.5 Source=file:/C:/Users/11419/.gradle/caches/modules-2/files-2.1/net.fabricmc/sponge-mixin/0.12.4+mixin.0.8.5/e13b4069fe3555969811d4474f78576c707bbe1c/sponge-mixin-0.12.4+mixin.0.8.5.jar Service=Knot/Fabric Env=SERVER
[12:02:46] [main/INFO] (FabricLoader/Mixin) Loaded Fabric development mappings for mixin remapper!
[12:02:46] [main/INFO] (FabricLoader/Mixin) Compatibility level set to JAVA_16
[12:02:46] [main/INFO] (FabricLoader/Mixin) Compatibility level set to JAVA_17
[12:02:51] [main/INFO] (Minecraft) Environment: authHost='https://authserver.mojang.com', accountsHost='https://api.mojang.com', sessionHost='https://sessionserver.mojang.com', servicesHost='https://api.minecraftservices.com', name='PROD'
[12:02:53] [main/WARN] (Minecraft) Ambiguity between arguments [teleport, location] and [teleport, destination] with inputs: [0.1 -0.5 .9, 0 0 0]
[12:02:53] [main/WARN] (Minecraft) Ambiguity between arguments [teleport, location] and [teleport, targets] with inputs: [0.1 -0.5 .9, 0 0 0]
[12:02:53] [main/WARN] (Minecraft) Ambiguity between arguments [teleport, destination] and [teleport, targets] with inputs: [Player, 0123, @e, dd12be42-52a9-4a91-a8a1-11c01849e498]
[12:02:53] [main/WARN] (Minecraft) Ambiguity between arguments [teleport, targets] and [teleport, destination] with inputs: [Player, 0123, dd12be42-52a9-4a91-a8a1-11c01849e498]
[12:02:53] [main/WARN] (Minecraft) Ambiguity between arguments [teleport, targets, location] and [teleport, targets, destination] with inputs: [0.1 -0.5 .9, 0 0 0]
[12:02:53] [Worker-Main-12/INFO] (Minecraft) Loaded 7 recipes
[12:02:54] [Worker-Main-12/INFO] (Minecraft) Loaded 1141 advancements
[12:02:55] [main/INFO] (BiomeModificationImpl) Applied 0 biome modifications to 0 of 61 new biomes in 2.993 ms
[12:02:55] [Server thread/INFO] (Minecraft) Starting minecraft server version 1.18.2
[12:02:55] [Server thread/INFO] (Minecraft) Loading properties
[12:02:55] [Server thread/INFO] (Minecraft) Default game type: SURVIVAL
[12:02:55] [Server thread/INFO] (Minecraft) Generating keypair
[12:02:55] [Server thread/INFO] (Minecraft) Starting Minecraft server on *:25565
[12:02:55] [Server thread/INFO] (Minecraft) Using default channel type
[12:02:56] [Server thread/WARN] (Minecraft) **** SERVER IS RUNNING IN OFFLINE/INSECURE MODE!
[12:02:56] [Server thread/WARN] (Minecraft) The server will make no attempt to authenticate usernames. Beware.
[12:02:56] [Server thread/WARN] (Minecraft) While this makes the game possible to play without internet access, it also opens up the ability for hackers to connect with any username they choose.
[12:02:56] [Server thread/WARN] (Minecraft) To change this, set "online-mode" to "true" in the server.properties file.
[12:02:56] [Server thread/INFO] (Minecraft) Preparing level "world"
[12:02:56] [Server thread/INFO] (Minecraft) Preparing start region for dimension minecraft:overworld
[12:02:57] [Worker-Main-8/INFO] (Minecraft) Preparing spawn area: 0%
[12:02:57] [Worker-Main-8/INFO] (Minecraft) Preparing spawn area: 0%
[12:02:57] [Worker-Main-14/INFO] (Minecraft) Preparing spawn area: 0%
[12:02:57] [Worker-Main-13/INFO] (Minecraft) Preparing spawn area: 0%
[12:02:58] [Worker-Main-13/INFO] (Minecraft) Preparing spawn area: 0%
[12:02:58] [Worker-Main-14/INFO] (Minecraft) Preparing spawn area: 8%
[12:02:59] [Worker-Main-13/INFO] (Minecraft) Preparing spawn area: 47%
[12:02:59] [Worker-Main-13/INFO] (Minecraft) Preparing spawn area: 54%
[12:03:00] [Server thread/INFO] (Minecraft) Time elapsed: 3720 ms
[12:03:00] [Server thread/INFO] (Minecraft) Done (3.965s)! For help, type "help"
[12:03:17] [Server thread/INFO] (Minecraft) Player562[/127.0.0.1:1754] logged in with entity id 163 at (38.5, 65.0, -1.5)
[12:03:17] [Server thread/INFO] (Minecraft) Player562 joined the game
[12:03:35] [Server thread/INFO] (Minecraft) Made Player562 a server operator
[12:03:41] [Server thread/INFO] (Minecraft) [Player562: Set own game mode to Creative Mode]
[12:08:48] [Server thread/INFO] (Minecraft) [Player562: Gave 1 [Furnace] to Player562]
[12:10:36] [Server thread/INFO] (Minecraft) Player562 lost connection: Disconnected
[12:10:36] [Server thread/INFO] (Minecraft) Player562 left the game
[12:10:45] [Server thread/INFO] (Minecraft) Player562[/127.0.0.1:2052] logged in with entity id 1215 at (43.6315399815544, 66.0, 10.430633592248727)
[12:10:45] [Server thread/INFO] (Minecraft) Player562 joined the game
[12:10:49] [Server thread/INFO] (Minecraft) Player562 lost connection: Disconnected
[12:10:49] [Server thread/INFO] (Minecraft) Player562 left the game
[12:10:57] [Server thread/INFO] (Minecraft) Player562[/127.0.0.1:2065] logged in with entity id 1253 at (43.6315399815544, 66.0, 10.430633592248727)
[12:10:57] [Server thread/INFO] (Minecraft) Player562 joined the game
[12:11:10] [Server thread/INFO] (Minecraft) Player562 lost connection: Disconnected
[12:11:10] [Server thread/INFO] (Minecraft) Player562 left the game
