[21:38:56] [main/INFO] (FabricLoader/GameProvider) Loading Minecraft 1.21 with Fabric Loader 0.15.11
[21:38:57] [main/INFO] (FabricLoader) Loading 46 mods:
	- carpet 1.4.147+v240613
	- carpet-extra 1.4.147
	- carpet-wuhu-addition 1.0.5+20240820
	- carpet-wuhu-addition-1_21 1.0.5+20240820
	- fabric-api 0.100.6+1.21
	- fabric-api-base 0.4.42+6573ed8cd1
	- fabric-api-lookup-api-v1 1.6.67+b5597344d1
	- fabric-biome-api-v1 13.0.28+6fc22b99d1
	- fabric-block-api-v1 1.0.22+0af3f5a7d1
	- fabric-block-view-api-v2 1.0.10+6573ed8cd1
	- fabric-command-api-v1 1.2.49+f71b366fd1
	- fabric-command-api-v2 2.2.28+6ced4dd9d1
	- fabric-commands-v0 0.2.66+df3654b3d1
	- fabric-content-registries-v0 8.0.14+b5597344d1
	- fabric-convention-tags-v1 2.0.17+7f945d5bd1
	- fabric-convention-tags-v2 2.4.1+86024ea6d1
	- fabric-crash-report-info-v1 0.2.29+0af3f5a7d1
	- fabric-data-attachment-api-v1 1.1.24+6a6dfa19d1
	- fabric-data-generation-api-v1 20.2.11+16c4ae25d1
	- fabric-dimensions-v1 4.0.0+6fc22b99d1
	- fabric-entity-events-v1 1.6.12+6fc22b99d1
	- fabric-events-interaction-v0 0.7.10+e633f883d1
	- fabric-game-rule-api-v1 1.0.53+6ced4dd9d1
	- fabric-gametest-api-v1 2.0.2+6fc22b99d1
	- fabric-item-api-v1 11.0.0+afdfc921d1
	- fabric-item-group-api-v1 4.1.2+78017270d1
	- fabric-lifecycle-events-v1 2.3.11+8f3583aed1
	- fabric-loot-api-v2 3.0.12+3f89f5a5d1
	- fabric-loot-api-v3 1.0.0+3f89f5a5d1
	- fabric-message-api-v1 6.0.13+6573ed8cd1
	- fabric-networking-api-v1 4.2.0+ab7edbacd1
	- fabric-object-builder-api-v1 15.1.12+d1321076d1
	- fabric-particles-v1 4.0.2+6573ed8cd1
	- fabric-recipe-api-v1 5.0.10+65089712d1
	- fabric-registry-sync-v0 5.0.24+6ced4dd9d1
	- fabric-rendering-data-attachment-v1 0.3.48+73761d2ed1
	- fabric-rendering-fluids-v1 3.1.6+b5597344d1
	- fabric-resource-conditions-api-v1 4.2.1+d153f344d1
	- fabric-resource-loader-v0 1.1.5+78017270d1
	- fabric-screen-handler-api-v1 1.3.81+b5597344d1
	- fabric-transfer-api-v1 5.1.15+3dccd343d1
	- fabric-transitive-access-wideners-v1 6.0.12+6573ed8cd1
	- fabricloader 0.15.11
	- java 21
	- minecraft 1.21
	- mixinextras 0.3.5
[21:39:01] [main/INFO] (FabricLoader/Mixin) SpongePowered MIXIN Subsystem Version=0.8.5 Source=file:/C:/Users/11419/.gradle/caches/modules-2/files-2.1/net.fabricmc/sponge-mixin/0.13.3+mixin.0.8.5/9527e6b0d2449408958fd1302594dc65ec5ade9c/sponge-mixin-0.13.3+mixin.0.8.5.jar Service=Knot/Fabric Env=SERVER
[21:39:01] [main/INFO] (FabricLoader/Mixin) Attempting to load Fernflower decompiler (Threaded mode)
[21:39:01] [main/INFO] (FabricLoader/Mixin) Fernflower could not be loaded, exported classes will not be decompiled. NoClassDefFoundError: org/jetbrains/java/decompiler/main/extern/IResultSaver
[21:39:02] [main/INFO] (FabricLoader/Mixin) Loaded Fabric development mappings for mixin remapper!
[21:39:02] [main/INFO] (FabricLoader/Mixin) Compatibility level set to JAVA_17
[21:39:02] [main/INFO] (FabricLoader/MixinExtras|Service) Initializing MixinExtras via com.llamalad7.mixinextras.service.MixinExtrasServiceImpl(version=0.3.5).
[21:39:11] [main/INFO] (Minecraft) [STDOUT]: noPrinter========================================
[21:39:12] [main/INFO] (Minecraft) Environment: Environment[sessionHost=https://sessionserver.mojang.com, servicesHost=https://api.minecraftservices.com, name=PROD]
[21:39:15] [main/INFO] (Minecraft) Loaded 1290 recipes
[21:39:15] [main/INFO] (Minecraft) Loaded 1399 advancements
[21:39:15] [main/INFO] (BiomeModificationImpl) Applied 0 biome modifications to 0 of 64 new biomes in 1.592 ms
[21:39:15] [Server thread/INFO] (Minecraft) Starting minecraft server version 1.21
[21:39:15] [Server thread/INFO] (Minecraft) Loading properties
[21:39:15] [Server thread/INFO] (Minecraft) Default game type: SURVIVAL
[21:39:15] [Server thread/INFO] (Minecraft) Generating keypair
[21:39:15] [Server thread/INFO] (Minecraft) Starting Minecraft server on *:25565
[21:39:16] [Server thread/INFO] (Minecraft) Using default channel type
[21:39:16] [Server thread/WARN] (Minecraft) **** SERVER IS RUNNING IN OFFLINE/INSECURE MODE!
[21:39:16] [Server thread/WARN] (Minecraft) The server will make no attempt to authenticate usernames. Beware.
[21:39:16] [Server thread/WARN] (Minecraft) While this makes the game possible to play without internet access, it also opens up the ability for hackers to connect with any username they choose.
[21:39:16] [Server thread/WARN] (Minecraft) To change this, set "online-mode" to "true" in the server.properties file.
[21:39:16] [Server thread/INFO] (Minecraft) Preparing level "world"
[21:39:16] [Server thread/INFO] (carpet) [CM] Loaded 1 settings from carpet.conf
[21:39:18] [Server thread/INFO] (Minecraft) Preparing start region for dimension minecraft:overworld
[21:39:18] [Worker-Main-7/INFO] (Minecraft) Preparing spawn area: 0%
[21:39:19] [Server thread/INFO] (Minecraft) Time elapsed: 463 ms
[21:39:19] [Server thread/INFO] (Minecraft) Done (2.851s)! For help, type "help"
[21:39:27] [Server thread/INFO] (Minecraft) zhaixianyu[/127.0.0.1:10292] logged in with entity id 49 at (-184.82878263780702, 66.0, 43.88183859464398)
[21:39:28] [Server thread/INFO] (Minecraft) zhaixianyu joined the game
[21:39:28] [Server thread/INFO] (carpet) Player zhaixianyu joined with a matching carpet client
[21:39:30] [Server thread/WARN] (Minecraft) UUID of added entity already exists: TurtleEntity['Turtle'/106, l='ServerLevel[world]', x=-94.76, y=61.20, z=-7.05]
[21:39:30] [Server thread/WARN] (Minecraft) UUID of added entity already exists: TurtleEntity['Turtle'/107, l='ServerLevel[world]', x=-89.46, y=59.19, z=6.43]
[21:39:31] [Server thread/INFO] (Minecraft) [STDOUT]: openFailBlockPos{x=0, y=-999, z=0}
[21:39:52] [Server thread/INFO] (Minecraft) zhaixianyu lost connection: Disconnected
[21:39:52] [Server thread/INFO] (Minecraft) zhaixianyu left the game
[21:39:55] [Server thread/INFO] (Minecraft) zhaixianyu[/127.0.0.1:10346] logged in with entity id 204 at (-184.66955829799224, 66.0, 38.49398644371653)
[21:39:55] [Server thread/INFO] (Minecraft) zhaixianyu joined the game
[21:39:55] [Server thread/INFO] (carpet) Player zhaixianyu joined with a matching carpet client
[21:39:58] [Server thread/INFO] (Minecraft) [STDOUT]: openFailBlockPos{x=0, y=-999, z=0}
[21:40:08] [Server thread/INFO] (Minecraft) zhaixianyu lost connection: Disconnected
[21:40:08] [Server thread/INFO] (Minecraft) zhaixianyu left the game
[21:40:09] [Server thread/INFO] (Minecraft) zhaixianyu[/127.0.0.1:10367] logged in with entity id 316 at (-186.5643248703157, 66.0, 38.086484460266014)
[21:40:09] [Server thread/INFO] (Minecraft) zhaixianyu joined the game
[21:40:09] [Server thread/INFO] (carpet) Player zhaixianyu joined with a matching carpet client
[21:40:33] [Server thread/INFO] (Minecraft) zhaixianyu lost connection: Disconnected
[21:40:33] [Server thread/INFO] (Minecraft) zhaixianyu left the game
[21:40:52] [Server thread/INFO] (Minecraft) Stopping the server
[21:40:53] [Server thread/INFO] (Minecraft) Stopping server
[21:40:53] [Server thread/INFO] (Minecraft) Saving players
[21:40:53] [Server thread/INFO] (Minecraft) Saving worlds
[21:40:53] [Server thread/INFO] (Minecraft) Saving chunks for level 'ServerLevel[world]'/minecraft:overworld
[21:40:53] [Server thread/INFO] (Minecraft) Saving chunks for level 'ServerLevel[world]'/minecraft:the_nether
[21:40:53] [Server thread/INFO] (Minecraft) Saving chunks for level 'ServerLevel[world]'/minecraft:the_end
[21:40:53] [Server thread/INFO] (Minecraft) ThreadedAnvilChunkStorage (world): All chunks are saved
[21:40:53] [Server thread/INFO] (Minecraft) ThreadedAnvilChunkStorage (DIM-1): All chunks are saved
[21:40:53] [Server thread/INFO] (Minecraft) ThreadedAnvilChunkStorage (DIM1): All chunks are saved
[21:40:53] [Server thread/INFO] (Minecraft) ThreadedAnvilChunkStorage: All dimensions are saved
